TN:
SF:script/Vault.s.sol
DA:10,0
FN:10,VaultScript.setUp
FNDA:0,VaultScript.setUp
DA:12,0
FN:12,VaultScript.run
FNDA:0,VaultScript.run
DA:13,0
DA:15,0
DA:17,0
FNF:2
FNH:0
LF:5
LH:0
BRF:0
BRH:0
end_of_record
TN:
SF:src/Vault.sol
DA:13,260
FN:13,Vault.deposit
FNDA:260,Vault.deposit
DA:14,260
BRDA:14,0,0,1
BRDA:14,0,1,259
DA:15,259
DA:16,259
DA:17,259
DA:21,3
FN:21,Vault.withdraw
FNDA:3,Vault.withdraw
DA:22,3
BRDA:22,1,0,2
BRDA:22,1,1,1
DA:24,1
DA:25,1
DA:27,1
DA:28,1
BRDA:28,2,0,-
BRDA:28,2,1,1
DA:30,1
DA:34,3
FN:34,Vault.getExternalBalance
FNDA:3,Vault.getExternalBalance
DA:35,3
FNF:3
FNH:3
LF:14
LH:14
BRF:6
BRH:5
end_of_record
